================================================================================
Jun 23, 2017, 6:41:09 PM
~/Desktop/python/Rosalind-problems/4_Rabbits_and_Recurrence_Relations/problem 4 code.py
--------------------------------------------------------------------------------
1
5
9
29
65
181
441
1165
2929
7589
19305
49661
126881
325525
833049
2135149
5467345
14007941
35877321
91909085
235418369
603054709
1544728185
3956947021
10135859761
25963647845
66507086889
170361678269
436390025825
1117836738901
2863396842201
7334743797805
18788331166609
