================================================================================
Jun 23, 2017, 6:41:09 PM
~/Desktop/python/Rosalind-problems/4_Rabbits_and_Recurrence_Relations/problem 4 code.py
--------------------------------------------------------------------------------
1
5
9
29
65
181
441
1165
2929
7589
19305
49661
126881
325525
833049
2135149
5467345
14007941
35877321
91909085
235418369
603054709
1544728185
3956947021
10135859761
25963647845
66507086889
170361678269
436390025825
1117836738901
2863396842201
7334743797805
18788331166609
================================================================================
Jun 25, 2017, 11:23:27 AM
~/Desktop/python/Rosalind-problems/5_Computing_GC_content/problem_5.py
--------------------------------------------------------------------------------
Rosalind_
GC: -0.0
Rosalind_3825
GC: 48.21052631578947
Rosalind_2225
GC: 51.48063781321185
Rosalind_9441
GC: 50.991831971995325
Rosalind_8560
GC: 52.28690228690228
Rosalind_0410
GC: 48.37067209775967
Rosalind_1439
GC: 51.73116089613035
Rosalind_7407
GC: 50.10373443983403
Rosalind_5115
GC: 47.047047047047045
Rosalind_0204
GC: 48.12182741116751
Rosalind_9392
GC: 50.901803607214426
